2024-09-23T22:02:29.854985300 - Task added successfully: 07:00 - 08:00: morning exercise [High]
2024-09-23T22:02:59.309580200 - Task added successfully: 07:00 - 08:00: morning exercise [High]
2024-09-23T22:03:53.118353300 - Task added successfully: 09:00 - 10:00: Team Meeting [Medium]
2024-09-23T22:04:06.920440900 - Task removed: 09:00 - 10:00: Team Meeting [Medium]
2024-09-23T22:04:36.691336300 - Task added successfully: 12:00 - 13:00: Lunch Break [Low]
2024-09-23T22:05:06.394534100 - Task added successfully: 09:30 - 10:30: Training Session [High]
2024-09-23T22:05:48.985499200 - Conflict detected: 07:30 - 08:30: meeting [High] with 07:00 - 08:00: morning exercise [High]
2024-09-25T17:21:42.590732700 - Task added successfully: 07:00 - 08:00: abc [high]
2024-09-25T17:22:08.980817900 - Task added successfully: 08:00 - 09:00: pqr [low]
2024-09-25T17:22:34.665211800 - Task removed: 08:00 - 09:00: pqr [low]
2024-09-25T17:25:22.888477500 - Task added successfully: 07:00 - 08:00: abc [high]
2024-09-25T17:26:11.350740400 - Task added successfully: 09:00 - 10:00: pqr [low]
2024-09-25T17:26:41.047494800 - Task added successfully: 07:00 - 08:00: abc [high]
2024-09-25T17:26:52.407359400 - Task added successfully: 08:00 - 09:00: pqr [low]
2024-09-25T17:27:05.657619600 - Task added successfully: 10:00 - 11:00: xyz [low]
2024-09-25T17:27:13.697590900 - Task removed: 10:00 - 11:00: xyz [low]
2024-09-25T17:28:37.783553200 - Conflict detected: 07:30 - 08:30: lmn [low] with 07:00 - 08:00: abc [high]
2024-09-25T17:31:17.431811900 - Task added successfully: 07:00 - 08:00: abc [low]
2024-09-25T17:31:34.257642400 - Conflict detected: 07:30 - 08:00: lmn [low] with 07:00 - 08:00: abc [low]
2024-09-25T17:32:00.686232500 - Task added successfully: 07:00 - 08:00: lmn [low]
2024-09-25T17:32:14.148117500 - Conflict detected: 07:30 - 08:00: lmn [low] with 07:00 - 08:00: lmn [low]
2024-09-25T17:33:10.930724400 - Task added successfully: 07:00 - 08:00: abc [low]
2024-09-25T17:33:28.884060300 - Task added successfully: 08:00 - 09:00: abc [low]
2024-09-25T17:33:39.536132400 - Task removed: 07:00 - 08:00: abc [low]
2024-09-25T17:36:42.837771100 - Task added successfully: 07:00 - 08:00: abc [low]
2024-09-25T17:36:53.138496 - Task added successfully: 08:00 - 09:00: lmn [high]
2024-09-25T17:37:26.542481900 - Task added successfully: 11:00 - 13:00: lmn [low]
